<?xml version="1.0" encoding="UTF-8"?>
<testsuite name="com.sweet.kiri.domain.posts.PostsRepositoryTest" tests="1" skipped="0" failures="0" errors="0" timestamp="2020-08-18T09:27:20" hostname="DESKTOP-B9M2P6M" time="0.617">
  <properties/>
  <testcase name="BaseTimeEntity_register" classname="com.sweet.kiri.domain.posts.PostsRepositoryTest" time="0.617"/>
  <system-out><![CDATA[18:27:14.259 [Test worker] DEBUG org.springframework.test.context.junit4.SpringJUnit4ClassRunner - SpringJUnit4ClassRunner constructor called with [class com.sweet.kiri.domain.posts.PostsRepositoryTest]
18:27:14.271 [Test worker] DEBUG org.springframework.test.context.BootstrapUtils - Instantiating CacheAwareContextLoaderDelegate from class [org.springframework.test.context.cache.DefaultCacheAwareContextLoaderDelegate]
18:27:14.284 [Test worker] DEBUG org.springframework.test.context.BootstrapUtils - Instantiating BootstrapContext using constructor [public org.springframework.test.context.support.DefaultBootstrapContext(java.lang.Class,org.springframework.test.context.CacheAwareContextLoaderDelegate)]
18:27:14.309 [Test worker] DEBUG org.springframework.test.context.BootstrapUtils - Instantiating TestContextBootstrapper for test class [com.sweet.kiri.domain.posts.PostsRepositoryTest] from class [org.springframework.boot.test.context.SpringBootTestContextBootstrapper]
18:27:14.333 [Test worker] INFO org.springframework.boot.test.context.SpringBootTestContextBootstrapper - Neither @ContextConfiguration nor @ContextHierarchy found for test class [com.sweet.kiri.domain.posts.PostsRepositoryTest], using SpringBootContextLoader
18:27:14.337 [Test worker] DEBUG org.springframework.test.context.support.AbstractContextLoader - Did not detect default resource location for test class [com.sweet.kiri.domain.posts.PostsRepositoryTest]: class path resource [com/sweet/kiri/domain/posts/PostsRepositoryTest-context.xml] does not exist
18:27:14.338 [Test worker] DEBUG org.springframework.test.context.support.AbstractContextLoader - Did not detect default resource location for test class [com.sweet.kiri.domain.posts.PostsRepositoryTest]: class path resource [com/sweet/kiri/domain/posts/PostsRepositoryTestContext.groovy] does not exist
18:27:14.338 [Test worker] INFO org.springframework.test.context.support.AbstractContextLoader - Could not detect default resource locations for test class [com.sweet.kiri.domain.posts.PostsRepositoryTest]: no resource found for suffixes {-context.xml, Context.groovy}.
18:27:14.340 [Test worker] INFO org.springframework.test.context.support.AnnotationConfigContextLoaderUtils - Could not detect default configuration classes for test class [com.sweet.kiri.domain.posts.PostsRepositoryTest]: PostsRepositoryTest does not declare any static, non-private, non-final, nested classes annotated with @Configuration.
18:27:14.390 [Test worker] DEBUG org.springframework.test.context.support.ActiveProfilesUtils - Could not find an 'annotation declaring class' for annotation type [org.springframework.test.context.ActiveProfiles] and class [com.sweet.kiri.domain.posts.PostsRepositoryTest]
18:27:14.491 [Test worker] DEBUG org.springframework.context.annotation.ClassPathScanningCandidateComponentProvider - Identified candidate component class: file [C:\Project\intelliJ\Boot1\build\classes\java\main\com\sweet\kiri\Application.class]
18:27:14.493 [Test worker] INFO org.springframework.boot.test.context.SpringBootTestContextBootstrapper - Found @SpringBootConfiguration com.sweet.kiri.Application for test class com.sweet.kiri.domain.posts.PostsRepositoryTest
18:27:14.623 [Test worker] DEBUG org.springframework.boot.test.context.SpringBootTestContextBootstrapper - @TestExecutionListeners is not present for class [com.sweet.kiri.domain.posts.PostsRepositoryTest]: using defaults.
18:27:14.624 [Test worker] INFO org.springframework.boot.test.context.SpringBootTestContextBootstrapper - Loaded default TestExecutionListener class names from location [META-INF/spring.factories]: [org.springframework.boot.test.autoconfigure.restdocs.RestDocsTestExecutionListener, org.springframework.boot.test.autoconfigure.web.client.MockRestServiceServerResetTestExecutionListener, org.springframework.boot.test.autoconfigure.web.servlet.MockMvcPrintOnlyOnFailureTestExecutionListener, org.springframework.boot.test.autoconfigure.web.servlet.WebDriverTestExecutionListener, org.springframework.boot.test.mock.mockito.MockitoTestExecutionListener, org.springframework.boot.test.mock.mockito.ResetMocksTestExecutionListener, org.springframework.test.context.web.ServletTestExecutionListener, org.springframework.test.context.support.DirtiesContextBeforeModesTestExecutionListener, org.springframework.test.context.support.DependencyInjectionTestExecutionListener, org.springframework.test.context.support.DirtiesContextTestExecutionListener, org.springframework.test.context.transaction.TransactionalTestExecutionListener, org.springframework.test.context.jdbc.SqlScriptsTestExecutionListener]
18:27:14.651 [Test worker] INFO org.springframework.boot.test.context.SpringBootTestContextBootstrapper - Using TestExecutionListeners: [org.springframework.test.context.web.ServletTestExecutionListener@530c38, org.springframework.test.context.support.DirtiesContextBeforeModesTestExecutionListener@52802e4f, org.springframework.boot.test.mock.mockito.MockitoTestExecutionListener@2c640b3, org.springframework.boot.test.autoconfigure.SpringBootDependencyInjectionTestExecutionListener@77e17bb3, org.springframework.test.context.support.DirtiesContextTestExecutionListener@6fcb8bbb, org.springframework.test.context.transaction.TransactionalTestExecutionListener@3c6a225b, org.springframework.test.context.jdbc.SqlScriptsTestExecutionListener@c993ebd, org.springframework.boot.test.autoconfigure.restdocs.RestDocsTestExecutionListener@70d9e07e, org.springframework.boot.test.autoconfigure.web.client.MockRestServiceServerResetTestExecutionListener@437c2b8d, org.springframework.boot.test.autoconfigure.web.servlet.MockMvcPrintOnlyOnFailureTestExecutionListener@2e69a143, org.springframework.boot.test.autoconfigure.web.servlet.WebDriverTestExecutionListener@6bc01ee5, org.springframework.boot.test.mock.mockito.ResetMocksTestExecutionListener@54a5c9f3]
18:27:14.655 [Test worker] DEBUG org.springframework.test.annotation.ProfileValueUtils - Retrieved @ProfileValueSourceConfiguration [null] for test class [com.sweet.kiri.domain.posts.PostsRepositoryTest]
18:27:14.656 [Test worker] DEBUG org.springframework.test.annotation.ProfileValueUtils - Retrieved ProfileValueSource type [class org.springframework.test.annotation.SystemProfileValueSource] for class [com.sweet.kiri.domain.posts.PostsRepositoryTest]
18:27:14.661 [Test worker] DEBUG org.springframework.test.annotation.ProfileValueUtils - Retrieved @ProfileValueSourceConfiguration [null] for test class [com.sweet.kiri.domain.posts.PostsRepositoryTest]
18:27:14.661 [Test worker] DEBUG org.springframework.test.annotation.ProfileValueUtils - Retrieved ProfileValueSource type [class org.springframework.test.annotation.SystemProfileValueSource] for class [com.sweet.kiri.domain.posts.PostsRepositoryTest]
18:27:14.662 [Test worker] DEBUG org.springframework.test.annotation.ProfileValueUtils - Retrieved @ProfileValueSourceConfiguration [null] for test class [com.sweet.kiri.domain.posts.PostsRepositoryTest]
18:27:14.662 [Test worker] DEBUG org.springframework.test.annotation.ProfileValueUtils - Retrieved ProfileValueSource type [class org.springframework.test.annotation.SystemProfileValueSource] for class [com.sweet.kiri.domain.posts.PostsRepositoryTest]
18:27:14.669 [Test worker] DEBUG org.springframework.test.context.support.AbstractDirtiesContextTestExecutionListener - Before test class: context [DefaultTestContext@2c2e9b5b testClass = PostsRepositoryTest, testInstance = [null], testMethod = [null], testException = [null], mergedContextConfiguration = [WebMergedContextConfiguration@77c1370f testClass = PostsRepositoryTest, locations = '{}', classes = '{class com.sweet.kiri.Application}', contextInitializerClasses = '[]', activeProfiles = '{}', propertySourceLocations = '{}', propertySourceProperties = '{org.springframework.boot.test.context.SpringBootTestContextBootstrapper=true}', contextCustomizers = set[org.springframework.boot.test.autoconfigure.properties.PropertyMappingContextCustomizer@0, org.springframework.boot.test.autoconfigure.web.servlet.WebDriverContextCustomizerFactory$Customizer@2b1c631, org.springframework.boot.test.context.filter.ExcludeFilterContextCustomizer@257bd2b, org.springframework.boot.test.json.DuplicateJsonObjectContextCustomizerFactory$DuplicateJsonObjectContextCustomizer@45ac8d8f, org.springframework.boot.test.mock.mockito.MockitoContextCustomizer@0, org.springframework.boot.test.web.client.TestRestTemplateContextCustomizer@7dfa449b], resourceBasePath = 'src/main/webapp', contextLoader = 'org.springframework.boot.test.context.SpringBootContextLoader', parent = [null]], attributes = map['org.springframework.test.context.web.ServletTestExecutionListener.activateListener' -> true]], class annotated with @DirtiesContext [false] with mode [null].
18:27:14.670 [Test worker] DEBUG org.springframework.test.annotation.ProfileValueUtils - Retrieved @ProfileValueSourceConfiguration [null] for test class [com.sweet.kiri.domain.posts.PostsRepositoryTest]
18:27:14.670 [Test worker] DEBUG org.springframework.test.annotation.ProfileValueUtils - Retrieved ProfileValueSource type [class org.springframework.test.annotation.SystemProfileValueSource] for class [com.sweet.kiri.domain.posts.PostsRepositoryTest]
18:27:14.699 [Test worker] DEBUG org.springframework.test.context.support.TestPropertySourceUtils - Adding inlined properties to environment: {spring.jmx.enabled=false, org.springframework.boot.test.context.SpringBootTestContextBootstrapper=true, server.port=-1}

  .   ____          _            __ _ _
 /\\ / ___'_ __ _ _(_)_ __  __ _ \ \ \ \
( ( )\___ | '_ | '_| | '_ \/ _` | \ \ \ \
 \\/  ___)| |_)| | | | | || (_| |  ) ) ) )
  '  |____| .__|_| |_|_| |_\__, | / / / /
 =========|_|==============|___/=/_/_/_/
 :: Spring Boot ::        (v2.1.9.RELEASE)

2020-08-18 18:27:15.046  INFO 10456 --- [    Test worker] c.s.k.domain.posts.PostsRepositoryTest   : Starting PostsRepositoryTest on DESKTOP-B9M2P6M with PID 10456 (started by 블리키티 in C:\Project\intelliJ\Boot1)
2020-08-18 18:27:15.048  INFO 10456 --- [    Test worker] c.s.k.domain.posts.PostsRepositoryTest   : No active profile set, falling back to default profiles: default
2020-08-18 18:27:15.923  INFO 10456 --- [    Test worker] .s.d.r.c.RepositoryConfigurationDelegate : Bootstrapping Spring Data repositories in DEFAULT mode.
2020-08-18 18:27:16.032  INFO 10456 --- [    Test worker] .s.d.r.c.RepositoryConfigurationDelegate : Finished Spring Data repository scanning in 97ms. Found 1 repository interfaces.
2020-08-18 18:27:16.493  INFO 10456 --- [    Test worker] trationDelegate$BeanPostProcessorChecker : Bean 'org.springframework.transaction.annotation.ProxyTransactionManagementConfiguration' of type [org.springframework.transaction.annotation.ProxyTransactionManagementConfiguration$$EnhancerBySpringCGLIB$$f0639395] is not eligible for getting processed by all BeanPostProcessors (for example: not eligible for auto-proxying)
2020-08-18 18:27:16.753  INFO 10456 --- [    Test worker] com.zaxxer.hikari.HikariDataSource       : HikariPool-1 - Starting...
2020-08-18 18:27:17.025  INFO 10456 --- [    Test worker] com.zaxxer.hikari.HikariDataSource       : HikariPool-1 - Start completed.
2020-08-18 18:27:17.122  INFO 10456 --- [    Test worker] o.hibernate.jpa.internal.util.LogHelper  : HHH000204: Processing PersistenceUnitInfo [
	name: default
	...]
2020-08-18 18:27:17.213  INFO 10456 --- [    Test worker] org.hibernate.Version                    : HHH000412: Hibernate Core {5.3.12.Final}
2020-08-18 18:27:17.216  INFO 10456 --- [    Test worker] org.hibernate.cfg.Environment            : HHH000206: hibernate.properties not found
2020-08-18 18:27:17.431  INFO 10456 --- [    Test worker] o.hibernate.annotations.common.Version   : HCANN000001: Hibernate Commons Annotations {5.0.4.Final}
2020-08-18 18:27:17.631  INFO 10456 --- [    Test worker] org.hibernate.dialect.Dialect            : HHH000400: Using dialect: org.hibernate.dialect.MySQL5InnoDBDialect
Hibernate: drop table if exists posts
Hibernate: create table posts (id bigint not null auto_increment, created_date datetime, modified_date datetime, author varchar(255), content TEXT not null, title varchar(500) not null, primary key (id)) engine=InnoDB
2020-08-18 18:27:18.504  INFO 10456 --- [    Test worker] o.h.t.schema.internal.SchemaCreatorImpl  : HHH000476: Executing import script 'org.hibernate.tool.schema.internal.exec.ScriptSourceInputNonExistentImpl@48878eec'
2020-08-18 18:27:18.509  INFO 10456 --- [    Test worker] j.LocalContainerEntityManagerFactoryBean : Initialized JPA EntityManagerFactory for persistence unit 'default'
2020-08-18 18:27:19.710  INFO 10456 --- [    Test worker] o.s.s.concurrent.ThreadPoolTaskExecutor  : Initializing ExecutorService 'applicationTaskExecutor'
2020-08-18 18:27:19.788  WARN 10456 --- [    Test worker] aWebConfiguration$JpaWebMvcConfiguration : spring.jpa.open-in-view is enabled by default. Therefore, database queries may be performed during view rendering. Explicitly configure spring.jpa.open-in-view to disable this warning
2020-08-18 18:27:20.330  INFO 10456 --- [    Test worker] c.s.k.domain.posts.PostsRepositoryTest   : Started PostsRepositoryTest in 5.62 seconds (JVM running for 7.205)
Hibernate: insert into posts (created_date, modified_date, author, content, title) values (?, ?, ?, ?, ?)
2020-08-18 18:27:20.740  INFO 10456 --- [    Test worker] o.h.h.i.QueryTranslatorFactoryInitiator  : HHH000397: Using ASTQueryTranslatorFactory
Hibernate: select posts0_.id as id1_0_, posts0_.created_date as created_2_0_, posts0_.modified_date as modified3_0_, posts0_.author as author4_0_, posts0_.content as content5_0_, posts0_.title as title6_0_ from posts posts0_
>>>>>>>>>> createDate = 2020-08-18T18:27:20.630, modifiedDate = 2020-08-18T18:27:20.630
Hibernate: select posts0_.id as id1_0_, posts0_.created_date as created_2_0_, posts0_.modified_date as modified3_0_, posts0_.author as author4_0_, posts0_.content as content5_0_, posts0_.title as title6_0_ from posts posts0_
Hibernate: delete from posts where id=?
]]></system-out>
  <system-err><![CDATA[]]></system-err>
</testsuite>
